C:\MyDevelopment\WEB APP With Angular\AddressBook\AddressBook\src\app\model\icontact.js
C:\MyDevelopment\WEB APP With Angular\AddressBook\AddressBook\src\app\model\icontact.js.map
C:\MyDevelopment\WEB APP With Angular\AddressBook\AddressBook\src\app\service\contact.js
C:\MyDevelopment\WEB APP With Angular\AddressBook\AddressBook\src\app\service\contact.js.map
C:\MyDevelopment\WEB APP With Angular\AddressBook\AddressBook\src\app\model\ipagestatus.js
C:\MyDevelopment\WEB APP With Angular\AddressBook\AddressBook\src\app\model\ipagestatus.js.map
C:\MyDevelopment\WEB APP With Angular\AddressBook\AddressBook\src\app\pages\address-book\address-book.component.js
C:\MyDevelopment\WEB APP With Angular\AddressBook\AddressBook\src\app\pages\address-book\address-book.component.js.map
C:\MyDevelopment\WEB APP With Angular\AddressBook\AddressBook\src\app\app.component.js
C:\MyDevelopment\WEB APP With Angular\AddressBook\AddressBook\src\app\app.component.js.map
C:\MyDevelopment\WEB APP With Angular\AddressBook\AddressBook\src\app\app-routing.module.js
C:\MyDevelopment\WEB APP With Angular\AddressBook\AddressBook\src\app\app-routing.module.js.map
C:\MyDevelopment\WEB APP With Angular\AddressBook\AddressBook\src\app\Pipes\filter.js
C:\MyDevelopment\WEB APP With Angular\AddressBook\AddressBook\src\app\Pipes\filter.js.map
C:\MyDevelopment\WEB APP With Angular\AddressBook\AddressBook\src\app\app.module.js
C:\MyDevelopment\WEB APP With Angular\AddressBook\AddressBook\src\app\app.module.js.map
C:\MyDevelopment\WEB APP With Angular\AddressBook\AddressBook\src\main.js
C:\MyDevelopment\WEB APP With Angular\AddressBook\AddressBook\src\main.js.map
C:\MyDevelopment\WEB APP With Angular\AddressBook\AddressBook\src\app\app.component.spec.js
C:\MyDevelopment\WEB APP With Angular\AddressBook\AddressBook\src\app\app.component.spec.js.map
C:\MyDevelopment\WEB APP With Angular\AddressBook\AddressBook\src\app\address-book\address-book.component.js
C:\MyDevelopment\WEB APP With Angular\AddressBook\AddressBook\src\app\address-book\address-book.component.js.map
C:\MyDevelopment\WEB APP With Angular\AddressBook\AddressBook\src\app\address-book\address-book.component.spec.js
C:\MyDevelopment\WEB APP With Angular\AddressBook\AddressBook\src\app\address-book\address-book.component.spec.js.map
C:\MyDevelopment\WEB APP With Angular\AddressBook\AddressBook\src\app\Pages\address-book\address-book.component.spec.js
C:\MyDevelopment\WEB APP With Angular\AddressBook\AddressBook\src\app\Pages\address-book\address-book.component.spec.js.map
